  [1m[35m (782.5ms)[0m  [1m[35mCREATE TABLE "schema_migrations" ("version" character varying NOT NULL PRIMARY KEY)[0m
  ↳ bin/rails:9
  [1m[35m (231.4ms)[0m  [1m[35mCREATE TABLE "ar_internal_metadata" ("key" character varying NOT NULL PRIMARY KEY, "value" character varying, "created_at" timestamp NOT NULL, "updated_at" timestamp NOT NULL)[0m
  ↳ bin/rails:9
  [1m[35m (0.7ms)[0m  [1m[34mSELECT pg_try_advisory_lock(601276535802311985)[0m
  ↳ bin/rails:9
  [1m[35m (2.8ms)[0m  [1m[34mSELECT "schema_migrations"."version" FROM "schema_migrations" ORDER BY "schema_migrations"."version" ASC[0m
  ↳ bin/rails:9
Migrating to CreateSurvivors (20190502172702)
  [1m[35m (0.6ms)[0m  [1m[35mBEGIN[0m
  ↳ bin/rails:9
  [1m[35m (211.8ms)[0m  [1m[35mCREATE TABLE "survivors" ("id" bigserial primary key, "name" character varying, "gender" character varying, "latitude" decimal, "longitude" decimal, "abducted" boolean DEFAULT FALSE, "created_at" timestamp NOT NULL, "updated_at" timestamp NOT NULL)[0m
  ↳ db/migrate/20190502172702_create_survivors.rb:3
  [1m[36mActiveRecord::SchemaMigration Create (1.2ms)[0m  [1m[32mINSERT INTO "schema_migrations" ("version") VALUES ($1) RETURNING "version"[0m  [["version", "20190502172702"]]
  ↳ bin/rails:9
  [1m[35m (14.4ms)[0m  [1m[35mCOMMIT[0m
  ↳ bin/rails:9
  [1m[36mActiveRecord::InternalMetadata Load (2.2ms)[0m  [1m[34mSELECT  "ar_internal_metadata".* FROM "ar_internal_metadata" WHERE "ar_internal_metadata"."key" = $1 LIMIT $2[0m  [["key", "environment"], ["LIMIT", 1]]
  ↳ bin/rails:9
  [1m[35m (1.5ms)[0m  [1m[35mBEGIN[0m
  ↳ bin/rails:9
  [1m[36mActiveRecord::InternalMetadata Create (3.1ms)[0m  [1m[32mINSERT INTO "ar_internal_metadata" ("key", "value", "created_at", "updated_at") VALUES ($1, $2, $3, $4) RETURNING "key"[0m  [["key", "environment"], ["value", "development"], ["created_at", "2019-05-02 17:28:01.962124"], ["updated_at", "2019-05-02 17:28:01.962124"]]
  ↳ bin/rails:9
  [1m[35m (8.9ms)[0m  [1m[35mCOMMIT[0m
  ↳ bin/rails:9
  [1m[35m (1.7ms)[0m  [1m[34mSELECT pg_advisory_unlock(601276535802311985)[0m
  ↳ bin/rails:9
  [1m[35m (1.1ms)[0m  [1m[34mSELECT "schema_migrations"."version" FROM "schema_migrations" ORDER BY "schema_migrations"."version" ASC[0m
  ↳ bin/rails:9
  [1m[35m (0.9ms)[0m  [1m[34mSELECT pg_try_advisory_lock(601276535802311985)[0m
  ↳ bin/rails:9
  [1m[35m (3.9ms)[0m  [1m[34mSELECT "schema_migrations"."version" FROM "schema_migrations" ORDER BY "schema_migrations"."version" ASC[0m
  ↳ bin/rails:9
Migrating to CreateSurvivors (20190502174747)
  [1m[35m (0.8ms)[0m  [1m[35mBEGIN[0m
  ↳ bin/rails:9
  [1m[35m (205.0ms)[0m  [1m[35mCREATE TABLE "survivors" ("id" bigserial primary key, "name" character varying, "gender" character varying, "lat_lng" character varying, "abducted" boolean DEFAULT FALSE, "created_at" timestamp NOT NULL, "updated_at" timestamp NOT NULL)[0m
  ↳ db/migrate/20190502174747_create_survivors.rb:3
  [1m[36mActiveRecord::SchemaMigration Create (2.3ms)[0m  [1m[32mINSERT INTO "schema_migrations" ("version") VALUES ($1) RETURNING "version"[0m  [["version", "20190502174747"]]
  ↳ bin/rails:9
  [1m[35m (21.0ms)[0m  [1m[35mCOMMIT[0m
  ↳ bin/rails:9
  [1m[36mActiveRecord::InternalMetadata Load (13.7ms)[0m  [1m[34mSELECT  "ar_internal_metadata".* FROM "ar_internal_metadata" WHERE "ar_internal_metadata"."key" = $1 LIMIT $2[0m  [["key", "environment"], ["LIMIT", 1]]
  ↳ bin/rails:9
  [1m[35m (1.3ms)[0m  [1m[35mBEGIN[0m
  ↳ bin/rails:9
  [1m[35m (0.5ms)[0m  [1m[35mCOMMIT[0m
  ↳ bin/rails:9
  [1m[35m (0.8ms)[0m  [1m[34mSELECT pg_advisory_unlock(601276535802311985)[0m
  ↳ bin/rails:9
  [1m[35m (1.0ms)[0m  [1m[34mSELECT "schema_migrations"."version" FROM "schema_migrations" ORDER BY "schema_migrations"."version" ASC[0m
  ↳ bin/rails:9
  [1m[35m (3.3ms)[0m  [1m[34mSELECT "schema_migrations"."version" FROM "schema_migrations" ORDER BY "schema_migrations"."version" ASC[0m
  ↳ bin/rails:9
  [1m[35m (1.9ms)[0m  [1m[34mSELECT pg_try_advisory_lock(601276535802311985)[0m
  ↳ bin/rails:9
  [1m[35m (2.8ms)[0m  [1m[34mSELECT "schema_migrations"."version" FROM "schema_migrations" ORDER BY "schema_migrations"."version" ASC[0m
  ↳ bin/rails:9
Migrating to CreateSurvivors (20190502175255)
  [1m[35m (0.5ms)[0m  [1m[35mBEGIN[0m
  ↳ bin/rails:9
  [1m[35m (39.4ms)[0m  [1m[35mCREATE TABLE "survivors" ("id" bigserial primary key, "name" character varying, "gender" character varying, "latitude" decimal, "longitude" decimal, "abducted" boolean DEFAULT FALSE, "created_at" timestamp NOT NULL, "updated_at" timestamp NOT NULL)[0m
  ↳ db/migrate/20190502175255_create_survivors.rb:3
  [1m[35m (0.4ms)[0m  [1m[31mROLLBACK[0m
  ↳ bin/rails:9
  [1m[35m (0.7ms)[0m  [1m[34mSELECT pg_advisory_unlock(601276535802311985)[0m
  ↳ bin/rails:9
  [1m[35m (0.8ms)[0m  [1m[34mSELECT pg_try_advisory_lock(601276535802311985)[0m
  ↳ bin/rails:9
  [1m[35m (2.9ms)[0m  [1m[34mSELECT "schema_migrations"."version" FROM "schema_migrations" ORDER BY "schema_migrations"."version" ASC[0m
  ↳ bin/rails:9
Migrating to CreateSurvivors (20190502175255)
  [1m[35m (0.6ms)[0m  [1m[35mBEGIN[0m
  ↳ bin/rails:9
  [1m[35m (127.0ms)[0m  [1m[35mCREATE TABLE "survivors" ("id" bigserial primary key, "name" character varying, "gender" character varying, "latitude" decimal, "longitude" decimal, "abducted" boolean DEFAULT FALSE, "created_at" timestamp NOT NULL, "updated_at" timestamp NOT NULL)[0m
  ↳ db/migrate/20190502175255_create_survivors.rb:3
  [1m[36mActiveRecord::SchemaMigration Create (1.2ms)[0m  [1m[32mINSERT INTO "schema_migrations" ("version") VALUES ($1) RETURNING "version"[0m  [["version", "20190502175255"]]
  ↳ bin/rails:9
  [1m[35m (23.2ms)[0m  [1m[35mCOMMIT[0m
  ↳ bin/rails:9
  [1m[36mActiveRecord::InternalMetadata Load (1.8ms)[0m  [1m[34mSELECT  "ar_internal_metadata".* FROM "ar_internal_metadata" WHERE "ar_internal_metadata"."key" = $1 LIMIT $2[0m  [["key", "environment"], ["LIMIT", 1]]
  ↳ bin/rails:9
  [1m[35m (0.6ms)[0m  [1m[35mBEGIN[0m
  ↳ bin/rails:9
  [1m[35m (0.5ms)[0m  [1m[35mCOMMIT[0m
  ↳ bin/rails:9
  [1m[35m (0.7ms)[0m  [1m[34mSELECT pg_advisory_unlock(601276535802311985)[0m
  ↳ bin/rails:9
  [1m[35m (0.9ms)[0m  [1m[34mSELECT "schema_migrations"."version" FROM "schema_migrations" ORDER BY "schema_migrations"."version" ASC[0m
  ↳ bin/rails:9
  [1m[35m (2.9ms)[0m  [1m[34mSELECT "schema_migrations"."version" FROM "schema_migrations" ORDER BY "schema_migrations"."version" ASC[0m
  ↳ bin/rails:9
  [1m[35m (2.4ms)[0m  [1m[34mSELECT "schema_migrations"."version" FROM "schema_migrations" ORDER BY "schema_migrations"."version" ASC[0m
  ↳ bin/rails:9
  [1m[35m (3.1ms)[0m  [1m[34mSELECT "schema_migrations"."version" FROM "schema_migrations" ORDER BY "schema_migrations"."version" ASC[0m
  ↳ bin/rails:9
  [1m[35m (2.8ms)[0m  [1m[34mSELECT "schema_migrations"."version" FROM "schema_migrations" ORDER BY "schema_migrations"."version" ASC[0m
  ↳ bin/rails:9
  [1m[35m (1.8ms)[0m  [1m[35mBEGIN[0m
  ↳ db/seeds.rb:9
  [1m[36mSurvivor Create (4.3ms)[0m  [1m[32mINSERT INTO "survivors" ("name", "gender", "latitude", "longitude", "created_at", "updated_at") VALUES ($1, $2, $3, $4, $5, $6) RETURNING "id"[0m  [["name", "Nolan Heaney"], ["gender", "androgyne"], ["latitude", "38.7077140808105"], ["longitude", "-115.068968492"], ["created_at", "2019-05-02 18:03:07.126988"], ["updated_at", "2019-05-02 18:03:07.126988"]]
  ↳ db/seeds.rb:9
  [1m[35m (32.8ms)[0m  [1m[35mCOMMIT[0m
  ↳ db/seeds.rb:9
  [1m[35m (1.5ms)[0m  [1m[35mBEGIN[0m
  ↳ db/seeds.rb:9
  [1m[36mSurvivor Create (2.0ms)[0m  [1m[32mINSERT INTO "survivors" ("name", "gender", "latitude", "longitude", "created_at", "updated_at") VALUES ($1, $2, $3, $4, $5, $6) RETURNING "id"[0m  [["name", "Felisa Dickens"], ["gender", "androgyne"], ["latitude", "38.7953453063965"], ["longitude", "-111.602125919385"], ["created_at", "2019-05-02 18:03:07.172352"], ["updated_at", "2019-05-02 18:03:07.172352"]]
  ↳ db/seeds.rb:9
  [1m[35m (10.5ms)[0m  [1m[35mCOMMIT[0m
  ↳ db/seeds.rb:9
  [1m[35m (1.9ms)[0m  [1m[35mBEGIN[0m
  ↳ db/seeds.rb:9
  [1m[36mSurvivor Create (2.0ms)[0m  [1m[32mINSERT INTO "survivors" ("name", "gender", "latitude", "longitude", "created_at", "updated_at") VALUES ($1, $2, $3, $4, $5, $6) RETURNING "id"[0m  [["name", "Merry Howe"], ["gender", "agender"], ["latitude", "39.0788984258721"], ["longitude", "-80.4256357381565"], ["created_at", "2019-05-02 18:03:07.194431"], ["updated_at", "2019-05-02 18:03:07.194431"]]
  ↳ db/seeds.rb:9
  [1m[35m (11.7ms)[0m  [1m[35mCOMMIT[0m
  ↳ db/seeds.rb:9
  [1m[35m (1.6ms)[0m  [1m[35mBEGIN[0m
  ↳ db/seeds.rb:9
  [1m[36mSurvivor Create (1.7ms)[0m  [1m[32mINSERT INTO "survivors" ("name", "gender", "latitude", "longitude", "created_at", "updated_at") VALUES ($1, $2, $3, $4, $5, $6) RETURNING "id"[0m  [["name", "Mary Reichel"], ["gender", "androgyne"], ["latitude", "38.9962071932467"], ["longitude", "-72.204989"], ["created_at", "2019-05-02 18:03:07.219348"], ["updated_at", "2019-05-02 18:03:07.219348"]]
  ↳ db/seeds.rb:9
  [1m[35m (7.1ms)[0m  [1m[35mCOMMIT[0m
  ↳ db/seeds.rb:9
  [1m[35m (1.3ms)[0m  [1m[35mBEGIN[0m
  ↳ db/seeds.rb:9
  [1m[36mSurvivor Create (1.7ms)[0m  [1m[32mINSERT INTO "survivors" ("name", "gender", "latitude", "longitude", "created_at", "updated_at") VALUES ($1, $2, $3, $4, $5, $6) RETURNING "id"[0m  [["name", "Raymundo Padberg"], ["gender", "male"], ["latitude", "41.022872"], ["longitude", "-77.0898681997577"], ["created_at", "2019-05-02 18:03:07.237406"], ["updated_at", "2019-05-02 18:03:07.237406"]]
  ↳ db/seeds.rb:9
  [1m[35m (13.7ms)[0m  [1m[35mCOMMIT[0m
  ↳ db/seeds.rb:9
  [1m[35m (1.5ms)[0m  [1m[35mBEGIN[0m
  ↳ db/seeds.rb:9
  [1m[36mSurvivor Create (1.9ms)[0m  [1m[32mINSERT INTO "survivors" ("name", "gender", "latitude", "longitude", "created_at", "updated_at") VALUES ($1, $2, $3, $4, $5, $6) RETURNING "id"[0m  [["name", "Carolin Johnson"], ["gender", "male"], ["latitude", "26.1180992126465"], ["longitude", "-80.1410980224609"], ["created_at", "2019-05-02 18:03:07.260339"], ["updated_at", "2019-05-02 18:03:07.260339"]]
  ↳ db/seeds.rb:9
  [1m[35m (11.0ms)[0m  [1m[35mCOMMIT[0m
  ↳ db/seeds.rb:9
  [1m[35m (1.3ms)[0m  [1m[35mBEGIN[0m
  ↳ db/seeds.rb:9
  [1m[36mSurvivor Create (1.4ms)[0m  [1m[32mINSERT INTO "survivors" ("name", "gender", "latitude", "longitude", "created_at", "updated_at") VALUES ($1, $2, $3, $4, $5, $6) RETURNING "id"[0m  [["name", "Christoper Ratke"], ["gender", "non-binary"], ["latitude", "40.927955"], ["longitude", "-112.605812600303"], ["created_at", "2019-05-02 18:03:07.281559"], ["updated_at", "2019-05-02 18:03:07.281559"]]
  ↳ db/seeds.rb:9
  [1m[35m (13.3ms)[0m  [1m[35mCOMMIT[0m
  ↳ db/seeds.rb:9
  [1m[35m (1.3ms)[0m  [1m[35mBEGIN[0m
  ↳ db/seeds.rb:9
  [1m[36mSurvivor Create (1.5ms)[0m  [1m[32mINSERT INTO "survivors" ("name", "gender", "latitude", "longitude", "created_at", "updated_at") VALUES ($1, $2, $3, $4, $5, $6) RETURNING "id"[0m  [["name", "Tiny Ankunding"], ["gender", "male"], ["latitude", "34.3823767402857"], ["longitude", "-118.064638782714"], ["created_at", "2019-05-02 18:03:07.304157"], ["updated_at", "2019-05-02 18:03:07.304157"]]
  ↳ db/seeds.rb:9
  [1m[35m (12.5ms)[0m  [1m[35mCOMMIT[0m
  ↳ db/seeds.rb:9
  [1m[35m (0.4ms)[0m  [1m[35mBEGIN[0m
  ↳ db/seeds.rb:9
  [1m[36mSurvivor Create (0.9ms)[0m  [1m[32mINSERT INTO "survivors" ("name", "gender", "latitude", "longitude", "created_at", "updated_at") VALUES ($1, $2, $3, $4, $5, $6) RETURNING "id"[0m  [["name", "Marvella Nader"], ["gender", "agender"], ["latitude", "40.855153"], ["longitude", "-122.340967372417"], ["created_at", "2019-05-02 18:03:07.324910"], ["updated_at", "2019-05-02 18:03:07.324910"]]
  ↳ db/seeds.rb:9
  [1m[35m (4.0ms)[0m  [1m[35mCOMMIT[0m
  ↳ db/seeds.rb:9
  [1m[35m (0.5ms)[0m  [1m[35mBEGIN[0m
  ↳ db/seeds.rb:9
  [1m[36mSurvivor Create (0.9ms)[0m  [1m[32mINSERT INTO "survivors" ("name", "gender", "latitude", "longitude", "created_at", "updated_at") VALUES ($1, $2, $3, $4, $5, $6) RETURNING "id"[0m  [["name", "Michel Gulgowski"], ["gender", "agender"], ["latitude", "40.0677174866262"], ["longitude", "-111.602125919385"], ["created_at", "2019-05-02 18:03:07.335380"], ["updated_at", "2019-05-02 18:03:07.335380"]]
  ↳ db/seeds.rb:9
  [1m[35m (4.8ms)[0m  [1m[35mCOMMIT[0m
  ↳ db/seeds.rb:9
Started GET "/" for ::1 at 2019-05-02 15:29:57 -0300
  [1m[35m (1.7ms)[0m  [1m[34mSELECT "schema_migrations"."version" FROM "schema_migrations" ORDER BY "schema_migrations"."version" ASC[0m
  ↳ /home/gabriely/.rvm/gems/ruby-2.3.1/gems/activerecord-5.2.3/lib/active_record/log_subscriber.rb:98
  
ActiveRecord::PendingMigrationError (

Migrations are pending. To resolve this issue, run:

        bin/rails db:migrate RAILS_ENV=development

):
  
activerecord (5.2.3) lib/active_record/migration.rb:579:in `check_pending!'
activerecord (5.2.3) lib/active_record/migration.rb:556:in `call'
actionpack (5.2.3) lib/action_dispatch/middleware/callbacks.rb:28:in `block in call'
activesupport (5.2.3) lib/active_support/callbacks.rb:98:in `run_callbacks'
actionpack (5.2.3) lib/action_dispatch/middleware/callbacks.rb:26:in `call'
actionpack (5.2.3) lib/action_dispatch/middleware/executor.rb:14:in `call'
actionpack (5.2.3) lib/action_dispatch/middleware/debug_exceptions.rb:61:in `call'
actionpack (5.2.3) lib/action_dispatch/middleware/show_exceptions.rb:33:in `call'
railties (5.2.3) lib/rails/rack/logger.rb:38:in `call_app'
railties (5.2.3) lib/rails/rack/logger.rb:26:in `block in call'
activesupport (5.2.3) lib/active_support/tagged_logging.rb:71:in `block in tagged'
activesupport (5.2.3) lib/active_support/tagged_logging.rb:28:in `tagged'
activesupport (5.2.3) lib/active_support/tagged_logging.rb:71:in `tagged'
railties (5.2.3) lib/rails/rack/logger.rb:26:in `call'
actionpack (5.2.3) lib/action_dispatch/middleware/remote_ip.rb:81:in `call'
actionpack (5.2.3) lib/action_dispatch/middleware/request_id.rb:27:in `call'
rack (2.0.7) lib/rack/runtime.rb:22:in `call'
activesupport (5.2.3) lib/active_support/cache/strategy/local_cache_middleware.rb:29:in `call'
actionpack (5.2.3) lib/action_dispatch/middleware/executor.rb:14:in `call'
actionpack (5.2.3) lib/action_dispatch/middleware/static.rb:127:in `call'
rack (2.0.7) lib/rack/sendfile.rb:111:in `call'
rack-cors (1.0.3) lib/rack/cors.rb:95:in `call'
railties (5.2.3) lib/rails/engine.rb:524:in `call'
puma (3.12.1) lib/puma/configuration.rb:227:in `call'
puma (3.12.1) lib/puma/server.rb:660:in `handle_request'
puma (3.12.1) lib/puma/server.rb:474:in `process_client'
puma (3.12.1) lib/puma/server.rb:334:in `block in run'
puma (3.12.1) lib/puma/thread_pool.rb:135:in `block in spawn_thread'
Started GET "/favicon.ico" for ::1 at 2019-05-02 15:29:58 -0300
  [1m[35m (1.0ms)[0m  [1m[34mSELECT "schema_migrations"."version" FROM "schema_migrations" ORDER BY "schema_migrations"."version" ASC[0m
  ↳ /home/gabriely/.rvm/gems/ruby-2.3.1/gems/activerecord-5.2.3/lib/active_record/log_subscriber.rb:98
  
ActiveRecord::PendingMigrationError (

Migrations are pending. To resolve this issue, run:

        bin/rails db:migrate RAILS_ENV=development

):
  
activerecord (5.2.3) lib/active_record/migration.rb:579:in `check_pending!'
activerecord (5.2.3) lib/active_record/migration.rb:556:in `call'
actionpack (5.2.3) lib/action_dispatch/middleware/callbacks.rb:28:in `block in call'
activesupport (5.2.3) lib/active_support/callbacks.rb:98:in `run_callbacks'
actionpack (5.2.3) lib/action_dispatch/middleware/callbacks.rb:26:in `call'
actionpack (5.2.3) lib/action_dispatch/middleware/executor.rb:14:in `call'
actionpack (5.2.3) lib/action_dispatch/middleware/debug_exceptions.rb:61:in `call'
actionpack (5.2.3) lib/action_dispatch/middleware/show_exceptions.rb:33:in `call'
railties (5.2.3) lib/rails/rack/logger.rb:38:in `call_app'
railties (5.2.3) lib/rails/rack/logger.rb:26:in `block in call'
activesupport (5.2.3) lib/active_support/tagged_logging.rb:71:in `block in tagged'
activesupport (5.2.3) lib/active_support/tagged_logging.rb:28:in `tagged'
activesupport (5.2.3) lib/active_support/tagged_logging.rb:71:in `tagged'
railties (5.2.3) lib/rails/rack/logger.rb:26:in `call'
actionpack (5.2.3) lib/action_dispatch/middleware/remote_ip.rb:81:in `call'
actionpack (5.2.3) lib/action_dispatch/middleware/request_id.rb:27:in `call'
rack (2.0.7) lib/rack/runtime.rb:22:in `call'
activesupport (5.2.3) lib/active_support/cache/strategy/local_cache_middleware.rb:29:in `call'
actionpack (5.2.3) lib/action_dispatch/middleware/executor.rb:14:in `call'
actionpack (5.2.3) lib/action_dispatch/middleware/static.rb:127:in `call'
rack (2.0.7) lib/rack/sendfile.rb:111:in `call'
rack-cors (1.0.3) lib/rack/cors.rb:95:in `call'
railties (5.2.3) lib/rails/engine.rb:524:in `call'
puma (3.12.1) lib/puma/configuration.rb:227:in `call'
puma (3.12.1) lib/puma/server.rb:660:in `handle_request'
puma (3.12.1) lib/puma/server.rb:474:in `process_client'
puma (3.12.1) lib/puma/server.rb:334:in `block in run'
puma (3.12.1) lib/puma/thread_pool.rb:135:in `block in spawn_thread'
  [1m[35m (1.1ms)[0m  [1m[34mSELECT pg_try_advisory_lock(601276535802311985)[0m
  ↳ bin/rails:9
  [1m[35m (2.8ms)[0m  [1m[34mSELECT "schema_migrations"."version" FROM "schema_migrations" ORDER BY "schema_migrations"."version" ASC[0m
  ↳ bin/rails:9
Migrating to CreateAbductions (20190502180820)
  [1m[35m (0.5ms)[0m  [1m[35mBEGIN[0m
  ↳ bin/rails:9
  [1m[35m (191.0ms)[0m  [1m[35mCREATE TABLE "abductions" ("id" bigserial primary key, "survivor_id" bigint, "abducted" boolean, "created_at" timestamp NOT NULL, "updated_at" timestamp NOT NULL, CONSTRAINT "fk_rails_54ac9f9894"
FOREIGN KEY ("survivor_id")
  REFERENCES "survivors" ("id")
)[0m
  ↳ db/migrate/20190502180820_create_abductions.rb:3
  [1m[35m (55.5ms)[0m  [1m[35mCREATE  INDEX  "index_abductions_on_survivor_id" ON "abductions"  ("survivor_id")[0m
  ↳ db/migrate/20190502180820_create_abductions.rb:3
  [1m[36mActiveRecord::SchemaMigration Create (1.1ms)[0m  [1m[32mINSERT INTO "schema_migrations" ("version") VALUES ($1) RETURNING "version"[0m  [["version", "20190502180820"]]
  ↳ bin/rails:9
  [1m[35m (30.0ms)[0m  [1m[35mCOMMIT[0m
  ↳ bin/rails:9
  [1m[36mActiveRecord::InternalMetadata Load (15.3ms)[0m  [1m[34mSELECT  "ar_internal_metadata".* FROM "ar_internal_metadata" WHERE "ar_internal_metadata"."key" = $1 LIMIT $2[0m  [["key", "environment"], ["LIMIT", 1]]
  ↳ bin/rails:9
  [1m[35m (0.4ms)[0m  [1m[35mBEGIN[0m
  ↳ bin/rails:9
  [1m[35m (0.5ms)[0m  [1m[35mCOMMIT[0m
  ↳ bin/rails:9
  [1m[35m (0.8ms)[0m  [1m[34mSELECT pg_advisory_unlock(601276535802311985)[0m
  ↳ bin/rails:9
  [1m[35m (1.0ms)[0m  [1m[34mSELECT "schema_migrations"."version" FROM "schema_migrations" ORDER BY "schema_migrations"."version" ASC[0m
  ↳ bin/rails:9
Started GET "/" for ::1 at 2019-05-02 15:30:19 -0300
  [1m[35m (0.9ms)[0m  [1m[34mSELECT "schema_migrations"."version" FROM "schema_migrations" ORDER BY "schema_migrations"."version" ASC[0m
  ↳ /home/gabriely/.rvm/gems/ruby-2.3.1/gems/activerecord-5.2.3/lib/active_record/log_subscriber.rb:98
Processing by Rails::WelcomeController#index as HTML
  Rendering /home/gabriely/.rvm/gems/ruby-2.3.1/gems/railties-5.2.3/lib/rails/templates/rails/welcome/index.html.erb
  Rendered /home/gabriely/.rvm/gems/ruby-2.3.1/gems/railties-5.2.3/lib/rails/templates/rails/welcome/index.html.erb (6.1ms)
Completed 200 OK in 30ms (Views: 10.6ms | ActiveRecord: 0.0ms)


Started GET "/favicon.ico" for ::1 at 2019-05-02 15:30:19 -0300
  
ActionController::RoutingError (No route matches [GET] "/favicon.ico"):
  
actionpack (5.2.3) lib/action_dispatch/middleware/debug_exceptions.rb:65:in `call'
actionpack (5.2.3) lib/action_dispatch/middleware/show_exceptions.rb:33:in `call'
railties (5.2.3) lib/rails/rack/logger.rb:38:in `call_app'
railties (5.2.3) lib/rails/rack/logger.rb:26:in `block in call'
activesupport (5.2.3) lib/active_support/tagged_logging.rb:71:in `block in tagged'
activesupport (5.2.3) lib/active_support/tagged_logging.rb:28:in `tagged'
activesupport (5.2.3) lib/active_support/tagged_logging.rb:71:in `tagged'
railties (5.2.3) lib/rails/rack/logger.rb:26:in `call'
actionpack (5.2.3) lib/action_dispatch/middleware/remote_ip.rb:81:in `call'
actionpack (5.2.3) lib/action_dispatch/middleware/request_id.rb:27:in `call'
rack (2.0.7) lib/rack/runtime.rb:22:in `call'
activesupport (5.2.3) lib/active_support/cache/strategy/local_cache_middleware.rb:29:in `call'
actionpack (5.2.3) lib/action_dispatch/middleware/executor.rb:14:in `call'
actionpack (5.2.3) lib/action_dispatch/middleware/static.rb:127:in `call'
rack (2.0.7) lib/rack/sendfile.rb:111:in `call'
rack-cors (1.0.3) lib/rack/cors.rb:95:in `call'
railties (5.2.3) lib/rails/engine.rb:524:in `call'
puma (3.12.1) lib/puma/configuration.rb:227:in `call'
puma (3.12.1) lib/puma/server.rb:660:in `handle_request'
puma (3.12.1) lib/puma/server.rb:474:in `process_client'
puma (3.12.1) lib/puma/server.rb:334:in `block in run'
puma (3.12.1) lib/puma/thread_pool.rb:135:in `block in spawn_thread'
Started GET "/v1/survivors" for ::1 at 2019-05-02 15:35:48 -0300
  
ActionController::RoutingError (No route matches [GET] "/v1/survivors"):
  
actionpack (5.2.3) lib/action_dispatch/middleware/debug_exceptions.rb:65:in `call'
actionpack (5.2.3) lib/action_dispatch/middleware/show_exceptions.rb:33:in `call'
railties (5.2.3) lib/rails/rack/logger.rb:38:in `call_app'
railties (5.2.3) lib/rails/rack/logger.rb:26:in `block in call'
activesupport (5.2.3) lib/active_support/tagged_logging.rb:71:in `block in tagged'
activesupport (5.2.3) lib/active_support/tagged_logging.rb:28:in `tagged'
activesupport (5.2.3) lib/active_support/tagged_logging.rb:71:in `tagged'
railties (5.2.3) lib/rails/rack/logger.rb:26:in `call'
actionpack (5.2.3) lib/action_dispatch/middleware/remote_ip.rb:81:in `call'
actionpack (5.2.3) lib/action_dispatch/middleware/request_id.rb:27:in `call'
rack (2.0.7) lib/rack/runtime.rb:22:in `call'
activesupport (5.2.3) lib/active_support/cache/strategy/local_cache_middleware.rb:29:in `call'
actionpack (5.2.3) lib/action_dispatch/middleware/executor.rb:14:in `call'
actionpack (5.2.3) lib/action_dispatch/middleware/static.rb:127:in `call'
rack (2.0.7) lib/rack/sendfile.rb:111:in `call'
rack-cors (1.0.3) lib/rack/cors.rb:95:in `call'
railties (5.2.3) lib/rails/engine.rb:524:in `call'
puma (3.12.1) lib/puma/configuration.rb:227:in `call'
puma (3.12.1) lib/puma/server.rb:660:in `handle_request'
puma (3.12.1) lib/puma/server.rb:474:in `process_client'
puma (3.12.1) lib/puma/server.rb:334:in `block in run'
puma (3.12.1) lib/puma/thread_pool.rb:135:in `block in spawn_thread'
Started GET "/api/v1/survivors" for ::1 at 2019-05-02 15:36:12 -0300
Processing by Api::V1::SurvivorsController#index as */*
  [1m[36mSurvivor Load (41.0ms)[0m  [1m[34mSELECT "survivors".* FROM "survivors" ORDER BY "survivors"."created_at" DESC[0m
  ↳ app/controllers/api/v1/survivors_controller.rb:7
Completed 200 OK in 516ms (Views: 154.5ms | ActiveRecord: 157.2ms)


Started GET "/api/v1/survivors/1" for ::1 at 2019-05-02 15:40:18 -0300
Processing by Api::V1::SurvivorsController#show as */*
  Parameters: {"id"=>"1"}
  [1m[36mSurvivor Load (0.9ms)[0m  [1m[34mSELECT  "survivors".* FROM "survivors" WHERE "survivors"."id" = $1 LIMIT $2[0m  [["id", 1], ["LIMIT", 1]]
  ↳ app/controllers/api/v1/survivors_controller.rb:11
Completed 200 OK in 614ms (Views: 1.6ms | ActiveRecord: 13.1ms)


Started GET "/api/v1/survivors/10" for ::1 at 2019-05-02 15:40:26 -0300
Processing by Api::V1::SurvivorsController#show as */*
  Parameters: {"id"=>"10"}
  [1m[36mSurvivor Load (0.9ms)[0m  [1m[34mSELECT  "survivors".* FROM "survivors" WHERE "survivors"."id" = $1 LIMIT $2[0m  [["id", 10], ["LIMIT", 1]]
  ↳ app/controllers/api/v1/survivors_controller.rb:11
Completed 200 OK in 6ms (Views: 1.3ms | ActiveRecord: 0.9ms)


Started POST "/api/v1/survivors" for ::1 at 2019-05-02 15:51:08 -0300
Processing by Api::V1::SurvivorsController#create as */*
  [1m[35m (0.5ms)[0m  [1m[35mBEGIN[0m
  ↳ app/controllers/api/v1/survivors_controller.rb:20
  [1m[35m (1.5ms)[0m  [1m[31mROLLBACK[0m
  ↳ app/controllers/api/v1/survivors_controller.rb:20
Completed 422 Unprocessable Entity in 270ms (Views: 0.5ms | ActiveRecord: 23.0ms)


Started GET "/api/v1/survivors" for ::1 at 2019-05-02 15:54:38 -0300
Processing by Api::V1::SurvivorsController#index as */*
  [1m[36mSurvivor Load (8.7ms)[0m  [1m[34mSELECT "survivors".* FROM "survivors" ORDER BY "survivors"."created_at" DESC[0m
  ↳ app/controllers/api/v1/survivors_controller.rb:6
Completed 200 OK in 24ms (Views: 14.7ms | ActiveRecord: 8.7ms)


Started POST "/api/v1/survivors" for ::1 at 2019-05-02 15:56:08 -0300
Processing by Api::V1::SurvivorsController#create as */*
  [1m[35m (1.5ms)[0m  [1m[35mBEGIN[0m
  ↳ app/controllers/api/v1/survivors_controller.rb:20
  [1m[35m (6.8ms)[0m  [1m[31mROLLBACK[0m
  ↳ app/controllers/api/v1/survivors_controller.rb:20
Completed 422 Unprocessable Entity in 14ms (Views: 0.4ms | ActiveRecord: 8.3ms)


Started POST "/api/v1/survivors" for ::1 at 2019-05-02 15:59:46 -0300
Processing by Api::V1::SurvivorsController#create as */*
  Parameters: {"name"=>"Gabriely", "gender"=>"female", "latitude"=>"40.0677174866262", "longitude"=>"-111.602125919385", "survivor"=>{"name"=>"Gabriely", "gender"=>"female", "latitude"=>"40.0677174866262", "longitude"=>"-111.602125919385"}}
Unpermitted parameter: :survivor
  [1m[35m (0.7ms)[0m  [1m[35mBEGIN[0m
  ↳ app/controllers/api/v1/survivors_controller.rb:20
  [1m[36mSurvivor Create (89.5ms)[0m  [1m[32mINSERT INTO "survivors" ("name", "gender", "latitude", "longitude", "created_at", "updated_at") VALUES ($1, $2, $3, $4, $5, $6) RETURNING "id"[0m  [["name", "Gabriely"], ["gender", "female"], ["latitude", "40.0677174866262"], ["longitude", "-111.602125919385"], ["created_at", "2019-05-02 18:59:46.983754"], ["updated_at", "2019-05-02 18:59:46.983754"]]
  ↳ app/controllers/api/v1/survivors_controller.rb:20
  [1m[35m (45.5ms)[0m  [1m[35mCOMMIT[0m
  ↳ app/controllers/api/v1/survivors_controller.rb:20
Completed 201 Created in 156ms (Views: 3.5ms | ActiveRecord: 135.8ms)


Started DELETE "/api/v1/survivors/3" for ::1 at 2019-05-02 16:03:26 -0300
Processing by Api::V1::SurvivorsController#destroy as */*
  Parameters: {"name"=>"Gabriely", "gender"=>"female", "latitude"=>"40.0677174866262", "longitude"=>"-111.602125919385", "id"=>"3", "survivor"=>{"name"=>"Gabriely", "gender"=>"female", "latitude"=>"40.0677174866262", "longitude"=>"-111.602125919385"}}
  [1m[36mSurvivor Load (0.9ms)[0m  [1m[34mSELECT  "survivors".* FROM "survivors" WHERE "survivors"."id" = $1 LIMIT $2[0m  [["id", 3], ["LIMIT", 1]]
  ↳ app/controllers/api/v1/survivors_controller.rb:33
  [1m[35m (0.8ms)[0m  [1m[35mBEGIN[0m
  ↳ app/controllers/api/v1/survivors_controller.rb:35
  [1m[36mAbduction Load (47.3ms)[0m  [1m[34mSELECT "abductions".* FROM "abductions" WHERE "abductions"."survivor_id" = $1[0m  [["survivor_id", 3]]
  ↳ app/controllers/api/v1/survivors_controller.rb:35
  [1m[36mSurvivor Destroy (14.1ms)[0m  [1m[31mDELETE FROM "survivors" WHERE "survivors"."id" = $1[0m  [["id", 3]]
  ↳ app/controllers/api/v1/survivors_controller.rb:35
  [1m[35m (73.8ms)[0m  [1m[35mCOMMIT[0m
  ↳ app/controllers/api/v1/survivors_controller.rb:35
Completed 500 Internal Server Error in 843ms (ActiveRecord: 153.1ms)


  
NameError (undefined local variable or method `survivor' for #<Api::V1::SurvivorsController:0x00560f81cc0470>
Did you mean?  @survivor):
  
app/controllers/api/v1/survivors_controller.rb:37:in `destroy'
Started DELETE "/api/v1/survivors/4" for ::1 at 2019-05-02 16:04:59 -0300
Processing by Api::V1::SurvivorsController#destroy as */*
  Parameters: {"name"=>"Gabriely", "gender"=>"female", "latitude"=>"40.0677174866262", "longitude"=>"-111.602125919385", "id"=>"4", "survivor"=>{"name"=>"Gabriely", "gender"=>"female", "latitude"=>"40.0677174866262", "longitude"=>"-111.602125919385"}}
  [1m[36mSurvivor Load (1.1ms)[0m  [1m[34mSELECT  "survivors".* FROM "survivors" WHERE "survivors"."id" = $1 LIMIT $2[0m  [["id", 4], ["LIMIT", 1]]
  ↳ app/controllers/api/v1/survivors_controller.rb:33
  [1m[35m (0.9ms)[0m  [1m[35mBEGIN[0m
  ↳ app/controllers/api/v1/survivors_controller.rb:35
  [1m[36mAbduction Load (0.8ms)[0m  [1m[34mSELECT "abductions".* FROM "abductions" WHERE "abductions"."survivor_id" = $1[0m  [["survivor_id", 4]]
  ↳ app/controllers/api/v1/survivors_controller.rb:35
  [1m[36mSurvivor Destroy (1.9ms)[0m  [1m[31mDELETE FROM "survivors" WHERE "survivors"."id" = $1[0m  [["id", 4]]
  ↳ app/controllers/api/v1/survivors_controller.rb:35
  [1m[35m (20.7ms)[0m  [1m[35mCOMMIT[0m
  ↳ app/controllers/api/v1/survivors_controller.rb:35
Completed 200 OK in 111ms (Views: 2.2ms | ActiveRecord: 44.6ms)


Started PUT "/api/v1/survivors/5" for ::1 at 2019-05-02 16:11:36 -0300
Processing by Api::V1::SurvivorsController#update as */*
  Parameters: {"name"=>"Gabriely", "gender"=>"female", "latitude"=>"40.0677174866262", "longitude"=>"-111.602125919385", "id"=>"5", "survivor"=>{"name"=>"Gabriely", "gender"=>"female", "latitude"=>"40.0677174866262", "longitude"=>"-111.602125919385"}}
  [1m[36mSurvivor Load (1.6ms)[0m  [1m[34mSELECT  "survivors".* FROM "survivors" WHERE "survivors"."id" = $1 LIMIT $2[0m  [["id", 5], ["LIMIT", 1]]
  ↳ app/controllers/api/v1/survivors_controller.rb:32
Completed 500 Internal Server Error in 422ms (ActiveRecord: 22.7ms)


  
NameError (undefined local variable or method `contact_params' for #<Api::V1::SurvivorsController:0x00560f82656188>):
  
app/controllers/api/v1/survivors_controller.rb:34:in `update'
Started PUT "/api/v1/survivors/9" for ::1 at 2019-05-02 16:12:15 -0300
Processing by Api::V1::SurvivorsController#update as */*
  Parameters: {"name"=>"Gabriely", "gender"=>"female", "latitude"=>"40.0677174866262", "longitude"=>"-111.602125919385", "id"=>"9", "survivor"=>{"name"=>"Gabriely", "gender"=>"female", "latitude"=>"40.0677174866262", "longitude"=>"-111.602125919385"}}
  [1m[36mSurvivor Load (1.3ms)[0m  [1m[34mSELECT  "survivors".* FROM "survivors" WHERE "survivors"."id" = $1 LIMIT $2[0m  [["id", 9], ["LIMIT", 1]]
  ↳ app/controllers/api/v1/survivors_controller.rb:32
Completed 500 Internal Server Error in 372ms (ActiveRecord: 1.3ms)


  
NameError (undefined local variable or method `contact_params' for #<Api::V1::SurvivorsController:0x00560f81600c98>):
  
app/controllers/api/v1/survivors_controller.rb:34:in `update'
Started PUT "/api/v1/survivors/9" for ::1 at 2019-05-02 16:13:23 -0300
Processing by Api::V1::SurvivorsController#update as */*
  Parameters: {"name"=>"Anne", "gender"=>"female", "latitude"=>"40.0677174866262", "longitude"=>"-111.602125919385", "id"=>"9", "survivor"=>{"name"=>"Anne", "gender"=>"female", "latitude"=>"40.0677174866262", "longitude"=>"-111.602125919385"}}
  [1m[36mSurvivor Load (1.0ms)[0m  [1m[34mSELECT  "survivors".* FROM "survivors" WHERE "survivors"."id" = $1 LIMIT $2[0m  [["id", 9], ["LIMIT", 1]]
  ↳ app/controllers/api/v1/survivors_controller.rb:32
Completed 500 Internal Server Error in 338ms (ActiveRecord: 1.0ms)


  
NameError (undefined local variable or method `contact_params' for #<Api::V1::SurvivorsController:0x007f25d4921fc0>):
  
app/controllers/api/v1/survivors_controller.rb:34:in `update'
Started PUT "/api/v1/survivors/9" for ::1 at 2019-05-02 16:13:54 -0300
Processing by Api::V1::SurvivorsController#update as */*
  Parameters: {"name"=>"Anne", "gender"=>"female", "latitude"=>"40.0677174866262", "longitude"=>"-111.602125919385", "id"=>"9", "survivor"=>{"name"=>"Anne", "gender"=>"female", "latitude"=>"40.0677174866262", "longitude"=>"-111.602125919385"}}
  [1m[36mSurvivor Load (3.6ms)[0m  [1m[34mSELECT  "survivors".* FROM "survivors" WHERE "survivors"."id" = $1 LIMIT $2[0m  [["id", 9], ["LIMIT", 1]]
  ↳ app/controllers/api/v1/survivors_controller.rb:32
Unpermitted parameters: :id, :survivor
  [1m[35m (0.8ms)[0m  [1m[35mBEGIN[0m
  ↳ app/controllers/api/v1/survivors_controller.rb:34
  [1m[36mSurvivor Update (2.0ms)[0m  [1m[33mUPDATE "survivors" SET "name" = $1, "latitude" = $2, "longitude" = $3, "updated_at" = $4 WHERE "survivors"."id" = $5[0m  [["name", "Anne"], ["latitude", "40.0677174866262"], ["longitude", "-111.602125919385"], ["updated_at", "2019-05-02 19:13:55.185888"], ["id", 9]]
  ↳ app/controllers/api/v1/survivors_controller.rb:34
  [1m[35m (26.7ms)[0m  [1m[35mCOMMIT[0m
  ↳ app/controllers/api/v1/survivors_controller.rb:34
Completed 200 OK in 103ms (Views: 7.4ms | ActiveRecord: 45.4ms)


